Using pre-set license

 COMMAND LINE ARGUMENTS:
/Volumes/Softwares/Applications/Unity/Unity.app/Contents/MacOS/Unity
-adb2
-batchMode
-noUpm
-name
AssetImportWorker4
-projectPath
/Volumes/Projects/Test/DynamicPool/DynamicPooling/DynamicPool
-logFile
Logs/AssetImportWorker4.log
-srvPort
50945
Successfully changed project path to: /Volumes/Projects/Test/DynamicPool/DynamicPooling/DynamicPool
/Volumes/Projects/Test/DynamicPool/DynamicPooling/DynamicPool
Using Asset Import Pipeline V2.
Refreshing native plugins compatible for Editor in 230.96 ms, found 1 plugins.
Preloading 0 native plugins for Editor in 0.00 ms.
Initialize engine version: 2020.3.1f1 (77a89f25062f)
[Subsystems] Discovering subsystems at path /Volumes/Softwares/Applications/Unity/Unity.app/Contents/Resources/UnitySubsystems
[Subsystems] Discovering subsystems at path /Volumes/Projects/Test/DynamicPool/DynamicPooling/DynamicPool/Assets
GfxDevice: creating device client; threaded=0
2021-03-23 12:22:14.860 Unity[1908:75255] iMac preferred device: Intel(R) Iris(TM) Pro Graphics 6200 (low power)
2021-03-23 12:22:14.860 Unity[1908:75255] Metal devices available: 1
2021-03-23 12:22:14.860 Unity[1908:75255] 0: Intel(R) Iris(TM) Pro Graphics 6200 (low power)
2021-03-23 12:22:14.860 Unity[1908:75255] Using device Intel(R) Iris(TM) Pro Graphics 6200 (low power)
Initializing Metal device caps: Intel(R) Iris(TM) Pro Graphics 6200
Initialize mono
Mono path[0] = '/Volumes/Softwares/Applications/Unity/Unity.app/Contents/Managed'
Mono path[1] = '/Volumes/Softwares/Applications/Unity/Unity.app/Contents/MonoBleedingEdge/lib/mono/unityjit'
Mono config path = '/Volumes/Softwares/Applications/Unity/Unity.app/Contents/MonoBleedingEdge/etc'
Using monoOptions --debugger-agent=transport=dt_socket,embedding=1,server=y,suspend=n,address=127.0.0.1:56908
Begin MonoManager ReloadAssembly
Error scanning for extension ivy.xml files: System.UnauthorizedAccessException: Access to the path '/Volumes/Softwares/Applications/Unity/PlaybackEngines/WebGLSupport/BuildTools/Emscripten_Mac/node' is denied.
  at System.IO.__Error.WinIOError (System.Int32 errorCode, System.String maybeFullPath) [0x00129] in <eae584ce26bc40229c1b1aa476bfa589>:0 
  at System.IO.FileSystemEnumerableIterator`1[TSource].HandleError (System.Int32 hr, System.String path) [0x00006] in <eae584ce26bc40229c1b1aa476bfa589>:0 
  at System.IO.FileSystemEnumerableIterator`1[TSource].AddSearchableDirsToStack (System.IO.Directory+SearchData localSearchData) [0x00053] in <eae584ce26bc40229c1b1aa476bfa589>:0 
  at System.IO.FileSystemEnumerableIterator`1[TSource].MoveNext () [0x0008e] in <eae584ce26bc40229c1b1aa476bfa589>:0 
  at System.Collections.Generic.List`1[T]..ctor (System.Collections.Generic.IEnumerable`1[T] collection) [0x00077] in <eae584ce26bc40229c1b1aa476bfa589>:0 
  at System.IO.Directory.InternalGetFileDirectoryNames (System.String path, System.String userPathOriginal, System.String searchPattern, System.Boolean includeFiles, System.Boolean includeDirs, System.IO.SearchOption searchOption, System.Boolean checkHost) [0x0000f] in <eae584ce26bc40229c1b1aa476bfa589>:0 
  at System.IO.Directory.InternalGetFiles (System.String path, System.String searchPattern, System.IO.SearchOption searchOption) [0x00000] in <eae584ce26bc40229c1b1aa476bfa589>:0 
  at System.IO.Directory.GetFiles (System.String path, System.String searchPattern, System.IO.SearchOption searchOption) [0x00038] in <eae584ce26bc40229c1b1aa476bfa589>:0 
  at UnityEditor.Modules.ModuleManager.LoadLegacyExtensionsFromIvyFiles () [0x000a5] in /Users/bokken/buildslave/unity/build/Editor/Mono/Modules/ModuleManager.cs:253 
Registering precompiled unity dll's ...
Register platform support module: /Volumes/Softwares/Applications/Unity/PlaybackEngines/WebGLSupport/UnityEditor.WebGL.Extensions.dll
Register platform support module: /Volumes/Softwares/Applications/Unity/Unity.app/Contents/PlaybackEngines/MacStandaloneSupport/UnityEditor.OSXStandalone.Extensions.dll
Register platform support module: /Volumes/Softwares/Applications/Unity/PlaybackEngines/WindowsStandaloneSupport/UnityEditor.WindowsStandalone.Extensions.dll
Registered in 0.001218 seconds.
Native extension for WindowsStandalone target not found
Native extension for OSXStandalone target not found
Native extension for WebGL target not found
Refreshing native plugins compatible for Editor in 26.27 ms, found 1 plugins.
Preloading 0 native plugins for Editor in 0.00 ms.
Invoked RoslynAnalysisRunner static constructor.
RoslynAnalysisRunner will not be running.
RoslynAnalysisRunner has terminated.
Mono: successfully reloaded assembly
- Completed reload, in  2.745 seconds
Platform modules already initialized, skipping
Registering precompiled user dll's ...
Registered in 0.000440 seconds.
Begin MonoManager ReloadAssembly
Native extension for WindowsStandalone target not found
Native extension for OSXStandalone target not found
Native extension for WebGL target not found
Refreshing native plugins compatible for Editor in 0.22 ms, found 1 plugins.
Preloading 0 native plugins for Editor in 0.00 ms.
Invoked RoslynAnalysisRunner static constructor.
RoslynAnalysisRunner will not be running.
RoslynAnalysisRunner has terminated.
Mono: successfully reloaded assembly
- Completed reload, in  3.378 seconds
Platform modules already initialized, skipping
========================================================================
Worker process is ready to serve import requests
Launching external process: /Volumes/Softwares/Applications/Unity/Unity.app/Contents/Tools/UnityShaderCompiler
Launched and connected shader compiler UnityShaderCompiler after 0.54 seconds
Refreshing native plugins compatible for Editor in 0.28 ms, found 1 plugins.
Preloading 0 native plugins for Editor in 0.00 ms.
Unloading 1118 Unused Serialized files (Serialized files now loaded: 0)
System memory in use before: 108.0 MB.
System memory in use after: 108.1 MB.

Unloading 9 unused Assets to reduce memory usage. Loaded Objects now: 1561.
Total: 2.626319 ms (FindLiveObjects: 0.285802 ms CreateObjectMapping: 0.095221 ms MarkObjects: 2.166470 ms  DeleteObjects: 0.077470 ms)

========================================================================
Received Import Request.
  path: Assets/Source/MODEL/Singleton.cs
  artifactKey: Guid(a5a4cd9ff713647488cf4cbf8cc9d998) Importer(815301076,1909f56bfc062723c751e8b465ee728b)
Start importing Assets/Source/MODEL/Singleton.cs using Guid(a5a4cd9ff713647488cf4cbf8cc9d998) Importer(815301076,1909f56bfc062723c751e8b465ee728b)  -> (artifact id: '28c28ac39162f89b26c0e8a87ef1736f') in 8.693033 seconds
  Import took 8.808835 seconds .

========================================================================
Received Prepare
Registering precompiled user dll's ...
Registered in 0.000452 seconds.
Begin MonoManager ReloadAssembly
Native extension for WindowsStandalone target not found
Native extension for OSXStandalone target not found
Native extension for WebGL target not found
Refreshing native plugins compatible for Editor in 0.22 ms, found 1 plugins.
Preloading 0 native plugins for Editor in 0.00 ms.
Invoked RoslynAnalysisRunner static constructor.
RoslynAnalysisRunner will not be running.
RoslynAnalysisRunner has terminated.
Mono: successfully reloaded assembly
- Completed reload, in  1.249 seconds
Platform modules already initialized, skipping
Refreshing native plugins compatible for Editor in 0.22 ms, found 1 plugins.
Preloading 0 native plugins for Editor in 0.00 ms.
Unloading 1113 Unused Serialized files (Serialized files now loaded: 0)
System memory in use before: 112.6 MB.
System memory in use after: 112.7 MB.

Unloading 4 unused Assets to reduce memory usage. Loaded Objects now: 1564.
Total: 1.770063 ms (FindLiveObjects: 0.200129 ms CreateObjectMapping: 0.052363 ms MarkObjects: 1.501920 ms  DeleteObjects: 0.014413 ms)

========================================================================
Received Import Request.
  Time since last request: 1274.063186 seconds.
  path: Assets/Source/MODEL/Singleton.cs
  artifactKey: Guid(a5a4cd9ff713647488cf4cbf8cc9d998) Importer(815301076,1909f56bfc062723c751e8b465ee728b)
Start importing Assets/Source/MODEL/Singleton.cs using Guid(a5a4cd9ff713647488cf4cbf8cc9d998) Importer(815301076,1909f56bfc062723c751e8b465ee728b)  -> (artifact id: 'e496724ded2fdcf06cd3f21af053ed3f') in 0.009444 seconds
  Import took 0.084673 seconds .

========================================================================
Received Prepare
Registering precompiled user dll's ...
Registered in 0.000352 seconds.
Begin MonoManager ReloadAssembly
Native extension for WindowsStandalone target not found
Native extension for OSXStandalone target not found
Native extension for WebGL target not found
Refreshing native plugins compatible for Editor in 0.25 ms, found 1 plugins.
Preloading 0 native plugins for Editor in 0.00 ms.
Invoked RoslynAnalysisRunner static constructor.
RoslynAnalysisRunner will not be running.
RoslynAnalysisRunner has terminated.
Mono: successfully reloaded assembly
- Completed reload, in  1.730 seconds
Platform modules already initialized, skipping
Refreshing native plugins compatible for Editor in 0.22 ms, found 1 plugins.
Preloading 0 native plugins for Editor in 0.00 ms.
Unloading 1113 Unused Serialized files (Serialized files now loaded: 0)
System memory in use before: 112.8 MB.
System memory in use after: 112.9 MB.

Unloading 4 unused Assets to reduce memory usage. Loaded Objects now: 1567.
Total: 1.695563 ms (FindLiveObjects: 0.170344 ms CreateObjectMapping: 0.066707 ms MarkObjects: 1.441426 ms  DeleteObjects: 0.014673 ms)

========================================================================
Received Import Request.
  Time since last request: 3525.566942 seconds.
  path: Assets/Source/MODEL/Singleton.cs
  artifactKey: Guid(a5a4cd9ff713647488cf4cbf8cc9d998) Importer(815301076,1909f56bfc062723c751e8b465ee728b)
Start importing Assets/Source/MODEL/Singleton.cs using Guid(a5a4cd9ff713647488cf4cbf8cc9d998) Importer(815301076,1909f56bfc062723c751e8b465ee728b)  -> (artifact id: 'f66f806675b9b78cee98f3582cc96825') in 0.006957 seconds
  Import took 0.039401 seconds .

